#
# There is insufficient memory for the Java Runtime Environment to continue.
# Native memory allocation (malloc) failed to allocate 1063216 bytes for Chunk::new
# Possible reasons:
#   The system is out of physical RAM or swap space
#   The process is running with CompressedOops enabled, and the Java Heap may be blocking the growth of the native heap
# Possible solutions:
#   Reduce memory load on the system
#   Increase physical memory or swap space
#   Check if swap backing store is full
#   Decrease Java heap size (-Xmx/-Xms)
#   Decrease number of Java threads
#   Decrease Java thread stack sizes (-Xss)
#   Set larger code cache with -XX:ReservedCodeCacheSize=
#   JVM is running with Unscaled Compressed Oops mode in which the Java heap is
#     placed in the first 4GB address space. The Java Heap base address is the
#     maximum limit for the native heap growth. Please use -XX:HeapBaseMinAddress
#     to set the Java Heap base and to place the Java Heap above 4GB virtual address.
# This output file may be truncated or incomplete.
#
#  Out of Memory Error (arena.cpp:189), pid=7316, tid=11156
#
# JRE version: Java(TM) SE Runtime Environment (17.0.12+8) (build 17.0.12+8-LTS-286)
# Java VM: Java HotSpot(TM) 64-Bit Server VM (17.0.12+8-LTS-286, mixed mode, sharing, tiered, compressed oops, compressed class ptrs, g1 gc, windows-amd64)
# No core dump will be written. Minidumps are not enabled by default on client versions of Windows
#

---------------  S U M M A R Y ------------

Command Line: -javaagent:C:\Program Files\JetBrains\IntelliJ IDEA Community Edition 2023.3\lib\idea_rt.jar=50668:C:\Program Files\JetBrains\IntelliJ IDEA Community Edition 2023.3\bin -Dfile.encoding=UTF-8 com.festa.FestaApiApplication

Host: Intel(R) Core(TM) i5-7200U CPU @ 2.50GHz, 4 cores, 7G,  Windows 10 , 64 bit Build 19041 (10.0.19041.4717)
Time: Tue Aug 27 23:04:18 2024 Hora oficial do Brasil elapsed time: 74.148523 seconds (0d 0h 1m 14s)

---------------  T H R E A D  ---------------

Current thread (0x000001b9b466b9e0):  JavaThread "C2 CompilerThread1" daemon [_thread_in_native, id=11156, stack(0x0000000795d00000,0x0000000795e00000)]


Current CompileTask:
C2:  74160 4943       4       org.springframework.core.ResolvableType::hasGenerics (14 bytes)

Stack: [0x0000000795d00000,0x0000000795e00000]
Native frames: (J=compiled Java code, j=interpreted, Vv=VM code, C=native code)
V  [jvm.dll+0x67a04a]
V  [jvm.dll+0x7da4ed]
V  [jvm.dll+0x7dbe33]
V  [jvm.dll+0x7dc4a3]
V  [jvm.dll+0x24508f]
V  [jvm.dll+0xab773]
V  [jvm.dll+0xabd3c]
V  [jvm.dll+0x2aa52f]
V  [jvm.dll+0x581eb9]
V  [jvm.dll+0x21f422]
V  [jvm.dll+0x2184c2]
V  [jvm.dll+0x215b65]
V  [jvm.dll+0x1a2960]
V  [jvm.dll+0x22610b]
V  [jvm.dll+0x2242ab]
V  [jvm.dll+0x79075c]
V  [jvm.dll+0x78abea]
V  [jvm.dll+0x678f35]
C  [ucrtbase.dll+0x21bb2]
C  [KERNEL32.DLL+0x17374]
C  [ntdll.dll+0x4cc91]


---------------  P R O C E S S  ---------------

Threads class SMR info:
_java_thread_list=0x000001b9fb396100, length=32, elements={
0x000001b9b4152cf0, 0x000001b9b4154310, 0x000001b9b41648b0, 0x000001b9b4168390,
0x000001b9b41694f0, 0x000001b9b4169eb0, 0x000001b9b416aba0, 0x000001b9b416b650,
0x000001b9b417b7b0, 0x000001b9b413a0f0, 0x000001b9b469e600, 0x000001b9b469eae0,
0x000001b9b4b71a20, 0x000001b9b4b72950, 0x000001b9b4b72e60, 0x000001b9b4b73370,
0x000001b9fc18e140, 0x000001b9fc18e650, 0x000001b9fc18d210, 0x000001b9fc189550,
0x000001b9fc18d720, 0x000001b9fc188110, 0x000001b9fc18bdd0, 0x000001b9fc18eb60,
0x000001b9fc18a480, 0x000001b9fc188620, 0x000001b9fc18c2e0, 0x000001b9fc18f070,
0x000001b9fc18b8c0, 0x000001b9fc18c7f0, 0x000001b9fc189f70, 0x000001b9b466b9e0
}

Java Threads: ( => current thread )
  0x000001b9b4152cf0 JavaThread "Reference Handler" daemon [_thread_blocked, id=7068, stack(0x0000000796700000,0x0000000796800000)]
  0x000001b9b4154310 JavaThread "Finalizer" daemon [_thread_blocked, id=9960, stack(0x0000000796800000,0x0000000796900000)]
  0x000001b9b41648b0 JavaThread "Signal Dispatcher" daemon [_thread_blocked, id=10360, stack(0x0000000796900000,0x0000000796a00000)]
  0x000001b9b4168390 JavaThread "Attach Listener" daemon [_thread_blocked, id=5184, stack(0x0000000796a00000,0x0000000796b00000)]
  0x000001b9b41694f0 JavaThread "Service Thread" daemon [_thread_blocked, id=3452, stack(0x0000000796b00000,0x0000000796c00000)]
  0x000001b9b4169eb0 JavaThread "Monitor Deflation Thread" daemon [_thread_blocked, id=10244, stack(0x0000000796c00000,0x0000000796d00000)]
  0x000001b9b416aba0 JavaThread "C2 CompilerThread0" daemon [_thread_in_native, id=7792, stack(0x0000000796d00000,0x0000000796e00000)]
  0x000001b9b416b650 JavaThread "C1 CompilerThread0" daemon [_thread_blocked, id=4424, stack(0x0000000796e00000,0x0000000796f00000)]
  0x000001b9b417b7b0 JavaThread "Sweeper thread" daemon [_thread_blocked, id=8688, stack(0x0000000796f00000,0x0000000797000000)]
  0x000001b9b413a0f0 JavaThread "Common-Cleaner" daemon [_thread_blocked, id=2284, stack(0x0000000797000000,0x0000000797100000)]
  0x000001b9b469e600 JavaThread "Monitor Ctrl-Break" daemon [_thread_in_native, id=8036, stack(0x0000000797100000,0x0000000797200000)]
  0x000001b9b469eae0 JavaThread "Notification Thread" daemon [_thread_blocked, id=9972, stack(0x0000000797200000,0x0000000797300000)]
  0x000001b9b4b71a20 JavaThread "HikariPool-1 housekeeper" daemon [_thread_blocked, id=10320, stack(0x0000000797b00000,0x0000000797c00000)]
  0x000001b9b4b72950 JavaThread "Catalina-utility-1" [_thread_blocked, id=8204, stack(0x0000000797d00000,0x0000000797e00000)]
  0x000001b9b4b72e60 JavaThread "Catalina-utility-2" [_thread_blocked, id=10296, stack(0x0000000797e00000,0x0000000797f00000)]
  0x000001b9b4b73370 JavaThread "container-0" [_thread_blocked, id=1336, stack(0x0000000797f00000,0x0000000798000000)]
  0x000001b9fc18e140 JavaThread "File Watcher" daemon [_thread_blocked, id=2948, stack(0x0000000798000000,0x0000000798100000)]
  0x000001b9fc18e650 JavaThread "Live Reload Server" daemon [_thread_in_native, id=11188, stack(0x0000000798100000,0x0000000798200000)]
  0x000001b9fc18d210 JavaThread "http-nio-8080-exec-1" daemon [_thread_blocked, id=7224, stack(0x0000000798200000,0x0000000798300000)]
  0x000001b9fc189550 JavaThread "http-nio-8080-exec-2" daemon [_thread_blocked, id=9488, stack(0x0000000798300000,0x0000000798400000)]
  0x000001b9fc18d720 JavaThread "http-nio-8080-exec-3" daemon [_thread_blocked, id=7588, stack(0x0000000798400000,0x0000000798500000)]
  0x000001b9fc188110 JavaThread "http-nio-8080-exec-4" daemon [_thread_blocked, id=9572, stack(0x0000000798500000,0x0000000798600000)]
  0x000001b9fc18bdd0 JavaThread "http-nio-8080-exec-5" daemon [_thread_blocked, id=10288, stack(0x0000000798600000,0x0000000798700000)]
  0x000001b9fc18eb60 JavaThread "http-nio-8080-exec-6" daemon [_thread_blocked, id=2712, stack(0x0000000798700000,0x0000000798800000)]
  0x000001b9fc18a480 JavaThread "http-nio-8080-exec-7" daemon [_thread_blocked, id=10548, stack(0x0000000798800000,0x0000000798900000)]
  0x000001b9fc188620 JavaThread "http-nio-8080-exec-8" daemon [_thread_blocked, id=10264, stack(0x0000000798900000,0x0000000798a00000)]
  0x000001b9fc18c2e0 JavaThread "http-nio-8080-exec-9" daemon [_thread_blocked, id=6280, stack(0x0000000798a00000,0x0000000798b00000)]
  0x000001b9fc18f070 JavaThread "http-nio-8080-exec-10" daemon [_thread_blocked, id=4192, stack(0x0000000798b00000,0x0000000798c00000)]
  0x000001b9fc18b8c0 JavaThread "http-nio-8080-Poller" daemon [_thread_in_native, id=10956, stack(0x0000000798c00000,0x0000000798d00000)]
  0x000001b9fc18c7f0 JavaThread "http-nio-8080-Acceptor" daemon [_thread_in_native, id=7524, stack(0x0000000798d00000,0x0000000798e00000)]
  0x000001b9fc189f70 JavaThread "DestroyJavaVM" [_thread_blocked, id=7624, stack(0x0000000796000000,0x0000000796100000)]
=>0x000001b9b466b9e0 JavaThread "C2 CompilerThread1" daemon [_thread_in_native, id=11156, stack(0x0000000795d00000,0x0000000795e00000)]

Other Threads:
  0x000001b9b414cc80 VMThread "VM Thread" [stack: 0x0000000796600000,0x0000000796700000] [id=1436]
  0x000001b9b469efc0 WatcherThread [stack: 0x0000000797300000,0x0000000797400000] [id=5520]
  0x000001b9949cb700 GCTaskThread "GC Thread#0" [stack: 0x0000000796100000,0x0000000796200000] [id=8768]
  0x000001b9b4ecf8e0 GCTaskThread "GC Thread#1" [stack: 0x0000000797500000,0x0000000797600000] [id=3408]
  0x000001b9b4ecfba0 GCTaskThread "GC Thread#2" [stack: 0x0000000797600000,0x0000000797700000] [id=7336]
  0x000001b9b4ed1570 GCTaskThread "GC Thread#3" [stack: 0x0000000797700000,0x0000000797800000] [id=10416]
  0x000001b9949dc290 ConcurrentGCThread "G1 Main Marker" [stack: 0x0000000796200000,0x0000000796300000] [id=8072]
  0x000001b9949decc0 ConcurrentGCThread "G1 Conc#0" [stack: 0x0000000796300000,0x0000000796400000] [id=11000]
  0x000001b994a341c0 ConcurrentGCThread "G1 Refine#0" [stack: 0x0000000796400000,0x0000000796500000] [id=10324]
  0x000001b9fb296b20 ConcurrentGCThread "G1 Refine#1" [stack: 0x0000000797900000,0x0000000797a00000] [id=9448]
  0x000001b994a34bf0 ConcurrentGCThread "G1 Service" [stack: 0x0000000796500000,0x0000000796600000] [id=5076]

Threads with active compile tasks:
C2 CompilerThread0    74220 4956       4       java.util.concurrent.ConcurrentMap::computeIfAbsent (51 bytes)
C2 CompilerThread1    74220 4943       4       org.springframework.core.ResolvableType::hasGenerics (14 bytes)

VM state: not at safepoint (normal execution)

VM Mutex/Monitor currently owned by a thread: None

Heap address: 0x0000000081e00000, size: 2018 MB, Compressed Oops mode: 32-bit

CDS archive(s) mapped at: [0x000001b9b5000000-0x000001b9b5bd0000-0x000001b9b5bd0000), size 12386304, SharedBaseAddress: 0x000001b9b5000000, ArchiveRelocationMode: 1.
Compressed class space mapped at: 0x000001b9b6000000-0x000001b9f6000000, reserved size: 1073741824
Narrow klass base: 0x000001b9b5000000, Narrow klass shift: 0, Narrow klass range: 0x100000000

GC Precious Log:
 CPUs: 4 total, 4 available
 Memory: 8067M
 Large Page Support: Disabled
 NUMA Support: Disabled
 Compressed Oops: Enabled (32-bit)
 Heap Region Size: 1M
 Heap Min Capacity: 8M
 Heap Initial Capacity: 128M
 Heap Max Capacity: 2018M
 Pre-touch: Disabled
 Parallel Workers: 4
 Concurrent Workers: 1
 Concurrent Refinement Workers: 4
 Periodic GC: Disabled

Heap:
 garbage-first heap   total 66560K, used 35286K [0x0000000081e00000, 0x0000000100000000)
  region size 1024K, 13 young (13312K), 4 survivors (4096K)
 Metaspace       used 61549K, committed 62080K, reserved 1114112K
  class space    used 8413K, committed 8704K, reserved 1048576K

Heap Regions: E=young(eden), S=young(survivor), O=old, HS=humongous(starts), HC=humongous(continues), CS=collection set, F=free, OA=open archive, CA=closed archive, TAMS=top-at-mark-start (previous, next)
|   0|0x0000000081e00000, 0x0000000081f00000, 0x0000000081f00000|100%|HS|  |TAMS 0x0000000081f00000, 0x0000000081e00000| Complete 
|   1|0x0000000081f00000, 0x0000000082000000, 0x0000000082000000|100%| O|  |TAMS 0x0000000082000000, 0x0000000081f00000| Untracked 
|   2|0x0000000082000000, 0x0000000082100000, 0x0000000082100000|100%| O|  |TAMS 0x0000000082100000, 0x0000000082000000| Untracked 
|   3|0x0000000082100000, 0x0000000082200000, 0x0000000082200000|100%| O|  |TAMS 0x0000000082200000, 0x0000000082100000| Untracked 
|   4|0x0000000082200000, 0x0000000082300000, 0x0000000082300000|100%| O|  |TAMS 0x0000000082300000, 0x0000000082200000| Untracked 
|   5|0x0000000082300000, 0x0000000082400000, 0x0000000082400000|100%| O|  |TAMS 0x0000000082400000, 0x0000000082300000| Untracked 
|   6|0x0000000082400000, 0x0000000082500000, 0x0000000082500000|100%| O|  |TAMS 0x0000000082500000, 0x0000000082400000| Untracked 
|   7|0x0000000082500000, 0x0000000082600000, 0x0000000082600000|100%| O|  |TAMS 0x0000000082600000, 0x0000000082500000| Untracked 
|   8|0x0000000082600000, 0x0000000082700000, 0x0000000082700000|100%| O|  |TAMS 0x0000000082700000, 0x0000000082600000| Untracked 
|   9|0x0000000082700000, 0x00000000827ffff8, 0x0000000082800000| 99%| O|  |TAMS 0x00000000827ffff8, 0x0000000082700000| Untracked 
|  10|0x0000000082800000, 0x0000000082900000, 0x0000000082900000|100%| O|  |TAMS 0x0000000082900000, 0x0000000082800000| Untracked 
|  11|0x0000000082900000, 0x0000000082a00000, 0x0000000082a00000|100%| O|  |TAMS 0x0000000082a00000, 0x0000000082900000| Untracked 
|  12|0x0000000082a00000, 0x0000000082b00000, 0x0000000082b00000|100%| O|  |TAMS 0x0000000082b00000, 0x0000000082a00000| Untracked 
|  13|0x0000000082b00000, 0x0000000082c00000, 0x0000000082c00000|100%| O|  |TAMS 0x0000000082c00000, 0x0000000082b00000| Untracked 
|  14|0x0000000082c00000, 0x0000000082d00000, 0x0000000082d00000|100%| O|  |TAMS 0x0000000082d00000, 0x0000000082c00000| Untracked 
|  15|0x0000000082d00000, 0x0000000082e00000, 0x0000000082e00000|100%| O|  |TAMS 0x0000000082e00000, 0x0000000082d00000| Untracked 
|  16|0x0000000082e00000, 0x0000000082f00000, 0x0000000082f00000|100%| O|  |TAMS 0x0000000082f00000, 0x0000000082e00000| Untracked 
|  17|0x0000000082f00000, 0x0000000083000000, 0x0000000083000000|100%| O|  |TAMS 0x0000000083000000, 0x0000000082f00000| Untracked 
|  18|0x0000000083000000, 0x0000000083100000, 0x0000000083100000|100%| O|  |TAMS 0x0000000083100000, 0x0000000083000000| Untracked 
|  19|0x0000000083100000, 0x0000000083200000, 0x0000000083200000|100%| O|  |TAMS 0x0000000083200000, 0x0000000083100000| Untracked 
|  20|0x0000000083200000, 0x0000000083300000, 0x0000000083300000|100%| O|  |TAMS 0x0000000083300000, 0x0000000083200000| Untracked 
|  21|0x0000000083300000, 0x0000000083400000, 0x0000000083400000|100%| O|  |TAMS 0x00000000833e8600, 0x0000000083300000| Untracked 
|  22|0x0000000083400000, 0x0000000083500000, 0x0000000083500000|100%| O|  |TAMS 0x0000000083400000, 0x0000000083400000| Untracked 
|  23|0x0000000083500000, 0x0000000083551c00, 0x0000000083600000| 31%| O|  |TAMS 0x0000000083500000, 0x0000000083500000| Untracked 
|  24|0x0000000083600000, 0x0000000083600000, 0x0000000083700000|  0%| F|  |TAMS 0x0000000083600000, 0x0000000083600000| Untracked 
|  25|0x0000000083700000, 0x0000000083700000, 0x0000000083800000|  0%| F|  |TAMS 0x0000000083700000, 0x0000000083700000| Untracked 
|  26|0x0000000083800000, 0x0000000083800000, 0x0000000083900000|  0%| F|  |TAMS 0x0000000083800000, 0x0000000083800000| Untracked 
|  27|0x0000000083900000, 0x0000000083900000, 0x0000000083a00000|  0%| F|  |TAMS 0x0000000083900000, 0x0000000083900000| Untracked 
|  28|0x0000000083a00000, 0x0000000083a00000, 0x0000000083b00000|  0%| F|  |TAMS 0x0000000083a00000, 0x0000000083a00000| Untracked 
|  29|0x0000000083b00000, 0x0000000083b00000, 0x0000000083c00000|  0%| F|  |TAMS 0x0000000083b00000, 0x0000000083b00000| Untracked 
|  30|0x0000000083c00000, 0x0000000083c00000, 0x0000000083d00000|  0%| F|  |TAMS 0x0000000083c00000, 0x0000000083c00000| Untracked 
|  31|0x0000000083d00000, 0x0000000083d00000, 0x0000000083e00000|  0%| F|  |TAMS 0x0000000083d00000, 0x0000000083d00000| Untracked 
|  32|0x0000000083e00000, 0x0000000083e00000, 0x0000000083f00000|  0%| F|  |TAMS 0x0000000083e00000, 0x0000000083e00000| Untracked 
|  33|0x0000000083f00000, 0x0000000083f00000, 0x0000000084000000|  0%| F|  |TAMS 0x0000000083f00000, 0x0000000083f00000| Untracked 
|  34|0x0000000084000000, 0x0000000084000000, 0x0000000084100000|  0%| F|  |TAMS 0x0000000084000000, 0x0000000084000000| Untracked 
|  35|0x0000000084100000, 0x0000000084100000, 0x0000000084200000|  0%| F|  |TAMS 0x0000000084100000, 0x0000000084100000| Untracked 
|  36|0x0000000084200000, 0x0000000084200000, 0x0000000084300000|  0%| F|  |TAMS 0x0000000084200000, 0x0000000084200000| Untracked 
|  37|0x0000000084300000, 0x0000000084300000, 0x0000000084400000|  0%| F|  |TAMS 0x0000000084300000, 0x0000000084300000| Untracked 
|  38|0x0000000084400000, 0x0000000084400000, 0x0000000084500000|  0%| F|  |TAMS 0x0000000084400000, 0x0000000084400000| Untracked 
|  39|0x0000000084500000, 0x0000000084500000, 0x0000000084600000|  0%| F|  |TAMS 0x0000000084500000, 0x0000000084500000| Untracked 
|  40|0x0000000084600000, 0x0000000084600000, 0x0000000084700000|  0%| F|  |TAMS 0x0000000084600000, 0x0000000084600000| Untracked 
|  41|0x0000000084700000, 0x0000000084700000, 0x0000000084800000|  0%| F|  |TAMS 0x0000000084700000, 0x0000000084700000| Untracked 
|  42|0x0000000084800000, 0x0000000084800000, 0x0000000084900000|  0%| F|  |TAMS 0x0000000084800000, 0x0000000084800000| Untracked 
|  43|0x0000000084900000, 0x0000000084900000, 0x0000000084a00000|  0%| F|  |TAMS 0x0000000084900000, 0x0000000084900000| Untracked 
|  44|0x0000000084a00000, 0x0000000084a00000, 0x0000000084b00000|  0%| F|  |TAMS 0x0000000084a00000, 0x0000000084a00000| Untracked 
|  45|0x0000000084b00000, 0x0000000084b00000, 0x0000000084c00000|  0%| F|  |TAMS 0x0000000084b00000, 0x0000000084b00000| Untracked 
|  46|0x0000000084c00000, 0x0000000084c23c78, 0x0000000084d00000| 13%| S|CS|TAMS 0x0000000084c00000, 0x0000000084c00000| Complete 
|  47|0x0000000084d00000, 0x0000000084e00000, 0x0000000084e00000|100%| S|CS|TAMS 0x0000000084d00000, 0x0000000084d00000| Complete 
|  48|0x0000000084e00000, 0x0000000084f00000, 0x0000000084f00000|100%| S|CS|TAMS 0x0000000084e00000, 0x0000000084e00000| Complete 
|  49|0x0000000084f00000, 0x0000000085000000, 0x0000000085000000|100%| S|CS|TAMS 0x0000000084f00000, 0x0000000084f00000| Complete 
|  50|0x0000000085000000, 0x0000000085000000, 0x0000000085100000|  0%| F|  |TAMS 0x0000000085000000, 0x0000000085000000| Untracked 
|  51|0x0000000085100000, 0x0000000085100000, 0x0000000085200000|  0%| F|  |TAMS 0x0000000085100000, 0x0000000085100000| Untracked 
|  52|0x0000000085200000, 0x0000000085200000, 0x0000000085300000|  0%| F|  |TAMS 0x0000000085200000, 0x0000000085200000| Untracked 
|  53|0x0000000085300000, 0x0000000085300000, 0x0000000085400000|  0%| F|  |TAMS 0x0000000085300000, 0x0000000085300000| Untracked 
|  54|0x0000000085400000, 0x0000000085400000, 0x0000000085500000|  0%| F|  |TAMS 0x0000000085400000, 0x0000000085400000| Untracked 
|  55|0x0000000085500000, 0x0000000085500000, 0x0000000085600000|  0%| F|  |TAMS 0x0000000085500000, 0x0000000085500000| Untracked 
|  56|0x0000000085600000, 0x00000000856527b8, 0x0000000085700000| 32%| E|  |TAMS 0x0000000085600000, 0x0000000085600000| Complete 
|  64|0x0000000085e00000, 0x0000000085f00000, 0x0000000085f00000|100%| E|CS|TAMS 0x0000000085e00000, 0x0000000085e00000| Complete 
|  65|0x0000000085f00000, 0x0000000086000000, 0x0000000086000000|100%| E|CS|TAMS 0x0000000085f00000, 0x0000000085f00000| Complete 
|  66|0x0000000086000000, 0x0000000086100000, 0x0000000086100000|100%| E|CS|TAMS 0x0000000086000000, 0x0000000086000000| Complete 
|  67|0x0000000086100000, 0x0000000086200000, 0x0000000086200000|100%| E|CS|TAMS 0x0000000086100000, 0x0000000086100000| Complete 
|  68|0x0000000086200000, 0x0000000086300000, 0x0000000086300000|100%| E|CS|TAMS 0x0000000086200000, 0x0000000086200000| Complete 
|  69|0x0000000086300000, 0x0000000086400000, 0x0000000086400000|100%| E|CS|TAMS 0x0000000086300000, 0x0000000086300000| Complete 
|  70|0x0000000086400000, 0x0000000086500000, 0x0000000086500000|100%| E|CS|TAMS 0x0000000086400000, 0x0000000086400000| Complete 
| 127|0x0000000089d00000, 0x0000000089e00000, 0x0000000089e00000|100%| E|CS|TAMS 0x0000000089d00000, 0x0000000089d00000| Complete 

Card table byte_map: [0x000001b9ad440000,0x000001b9ad840000] _byte_map_base: 0x000001b9ad031000

Marking Bits (Prev, Next): (CMBitMap*) 0x000001b9949cbd60, (CMBitMap*) 0x000001b9949cbd20
 Prev Bits: [0x000001b9afbd0000, 0x000001b9b1b58000)
 Next Bits: [0x000001b9adc40000, 0x000001b9afbc8000)

Polling page: 0x000001b994a40000

Metaspace:

Usage:
  Non-class:     51.89 MB used.
      Class:      8.22 MB used.
       Both:     60.11 MB used.

Virtual space:
  Non-class space:       64.00 MB reserved,      52.12 MB ( 81%) committed,  1 nodes.
      Class space:        1.00 GB reserved,       8.50 MB ( <1%) committed,  1 nodes.
             Both:        1.06 GB reserved,      60.62 MB (  6%) committed. 

Chunk freelists:
   Non-Class:  11.75 MB
       Class:  7.36 MB
        Both:  19.11 MB

MaxMetaspaceSize: unlimited
CompressedClassSpaceSize: 1.00 GB
Initial GC threshold: 21.00 MB
Current GC threshold: 98.75 MB
CDS: on
MetaspaceReclaimPolicy: balanced
 - commit_granule_bytes: 65536.
 - commit_granule_words: 8192.
 - virtual_space_node_default_size: 8388608.
 - enlarge_chunks_in_place: 1.
 - new_chunks_are_fully_committed: 0.
 - uncommit_free_chunks: 1.
 - use_allocation_guard: 0.
 - handle_deallocations: 1.


Internal statistics:

num_allocs_failed_limit: 9.
num_arena_births: 710.
num_arena_deaths: 0.
num_vsnodes_births: 2.
num_vsnodes_deaths: 0.
num_space_committed: 970.
num_space_uncommitted: 0.
num_chunks_returned_to_freelist: 9.
num_chunks_taken_from_freelist: 2945.
num_chunk_merges: 6.
num_chunk_splits: 2167.
num_chunks_enlarged: 1722.
num_inconsistent_stats: 0.

CodeHeap 'non-profiled nmethods': size=120000Kb used=2893Kb max_used=2903Kb free=117106Kb
 bounds [0x000001b9a54d0000, 0x000001b9a5800000, 0x000001b9aca00000]
CodeHeap 'profiled nmethods': size=120000Kb used=7850Kb max_used=9661Kb free=112149Kb
 bounds [0x000001b99da00000, 0x000001b99e370000, 0x000001b9a4f30000]
CodeHeap 'non-nmethods': size=5760Kb used=1334Kb max_used=1405Kb free=4425Kb
 bounds [0x000001b9a4f30000, 0x000001b9a51a0000, 0x000001b9a54d0000]
 total_blobs=4873 nmethods=4204 adapters=581
 compilation: enabled
              stopped_count=0, restarted_count=0
 full_count=0

Compilation events (20 events):
Event: 73.945 Thread 0x000001b9b416b650 4950   !   3       org.springframework.core.annotation.AnnotationTypeMappings::addIfPossible (68 bytes)
Event: 73.946 Thread 0x000001b9b416b650 nmethod 4950 0x000001b99da78c90 code [0x000001b99da78f40, 0x000001b99da79ed8]
Event: 73.946 Thread 0x000001b9b416b650 4951       3       org.springframework.core.annotation.AnnotationTypeMapping::<init> (191 bytes)
Event: 73.948 Thread 0x000001b9b416b650 nmethod 4951 0x000001b99dbc5210 code [0x000001b99dbc5580, 0x000001b99dbc6f98]
Event: 73.948 Thread 0x000001b9b416b650 4952       3       org.springframework.core.annotation.AnnotationTypeMappings$$Lambda$96/0x000001b9b60964c0::accept (8 bytes)
Event: 73.949 Thread 0x000001b9b416b650 nmethod 4952 0x000001b99dea2910 code [0x000001b99dea2ac0, 0x000001b99dea2d08]
Event: 73.954 Thread 0x000001b9b416b650 4955       3       java.util.Collections::unmodifiableList (47 bytes)
Event: 73.954 Thread 0x000001b9b416b650 nmethod 4955 0x000001b99e21d410 code [0x000001b99e21d640, 0x000001b99e21e0b8]
Event: 73.987 Thread 0x000001b9b416b650 4957       3       java.io.StringReader::ensureOpen (18 bytes)
Event: 73.987 Thread 0x000001b9b416b650 nmethod 4957 0x000001b99dea2210 code [0x000001b99dea23c0, 0x000001b99dea25c8]
Event: 73.989 Thread 0x000001b9b416aba0 nmethod 4941 0x000001b9a5577990 code [0x000001b9a5577c00, 0x000001b9a55796b0]
Event: 73.989 Thread 0x000001b9b416aba0 4948       4       java.util.Properties$LineReader::readLine (584 bytes)
Event: 73.990 Thread 0x000001b9b416b650 4958       3       org.apache.tomcat.util.buf.Ascii::toLower (14 bytes)
Event: 73.991 Thread 0x000001b9b416b650 nmethod 4958 0x000001b99e21d010 code [0x000001b99e21d1a0, 0x000001b99e21d2b8]
Event: 73.994 Thread 0x000001b9b416b650 4959       3       java.lang.ThreadLocal::setInitialValue (50 bytes)
Event: 73.994 Thread 0x000001b9b416b650 nmethod 4959 0x000001b99e2ad610 code [0x000001b99e2ad840, 0x000001b99e2ae198]
Event: 74.032 Thread 0x000001b9b416aba0 nmethod 4948 0x000001b9a5545990 code [0x000001b9a5545ba0, 0x000001b9a55470f0]
Event: 74.032 Thread 0x000001b9b416aba0 4954       4       sun.reflect.annotation.AnnotationInvocationHandler::invoke (178 bytes)
Event: 74.073 Thread 0x000001b9b416aba0 nmethod 4954 0x000001b9a5531b10 code [0x000001b9a5531d60, 0x000001b9a5532f58]
Event: 74.073 Thread 0x000001b9b416aba0 4956       4       java.util.concurrent.ConcurrentMap::computeIfAbsent (51 bytes)

GC Heap History (20 events):
Event: 5.484 GC heap before
{Heap before GC invocations=7 (full 0):
 garbage-first heap   total 48128K, used 32577K [0x0000000081e00000, 0x0000000100000000)
  region size 1024K, 17 young (17408K), 1 survivors (1024K)
 Metaspace       used 27966K, committed 28416K, reserved 1114112K
  class space    used 3541K, committed 3776K, reserved 1048576K
}
Event: 5.488 GC heap after
{Heap after GC invocations=8 (full 0):
 garbage-first heap   total 48128K, used 17094K [0x0000000081e00000, 0x0000000100000000)
  region size 1024K, 2 young (2048K), 2 survivors (2048K)
 Metaspace       used 27966K, committed 28416K, reserved 1114112K
  class space    used 3541K, committed 3776K, reserved 1048576K
}
Event: 6.102 GC heap before
{Heap before GC invocations=8 (full 0):
 garbage-first heap   total 48128K, used 34502K [0x0000000081e00000, 0x0000000100000000)
  region size 1024K, 19 young (19456K), 2 survivors (2048K)
 Metaspace       used 32403K, committed 32832K, reserved 1114112K
  class space    used 4043K, committed 4224K, reserved 1048576K
}
Event: 6.110 GC heap after
{Heap after GC invocations=9 (full 0):
 garbage-first heap   total 48128K, used 18193K [0x0000000081e00000, 0x0000000100000000)
  region size 1024K, 3 young (3072K), 3 survivors (3072K)
 Metaspace       used 32403K, committed 32832K, reserved 1114112K
  class space    used 4043K, committed 4224K, reserved 1048576K
}
Event: 6.696 GC heap before
{Heap before GC invocations=9 (full 0):
 garbage-first heap   total 48128K, used 32529K [0x0000000081e00000, 0x0000000100000000)
  region size 1024K, 18 young (18432K), 3 survivors (3072K)
 Metaspace       used 35692K, committed 36096K, reserved 1114112K
  class space    used 4487K, committed 4672K, reserved 1048576K
}
Event: 6.703 GC heap after
{Heap after GC invocations=10 (full 0):
 garbage-first heap   total 48128K, used 19175K [0x0000000081e00000, 0x0000000100000000)
  region size 1024K, 3 young (3072K), 3 survivors (3072K)
 Metaspace       used 35692K, committed 36096K, reserved 1114112K
  class space    used 4487K, committed 4672K, reserved 1048576K
}
Event: 7.537 GC heap before
{Heap before GC invocations=11 (full 0):
 garbage-first heap   total 48128K, used 34535K [0x0000000081e00000, 0x0000000100000000)
  region size 1024K, 19 young (19456K), 3 survivors (3072K)
 Metaspace       used 39671K, committed 40128K, reserved 1114112K
  class space    used 5184K, committed 5376K, reserved 1048576K
}
Event: 7.541 GC heap after
{Heap after GC invocations=12 (full 0):
 garbage-first heap   total 48128K, used 20398K [0x0000000081e00000, 0x0000000100000000)
  region size 1024K, 2 young (2048K), 2 survivors (2048K)
 Metaspace       used 39671K, committed 40128K, reserved 1114112K
  class space    used 5184K, committed 5376K, reserved 1048576K
}
Event: 8.466 GC heap before
{Heap before GC invocations=12 (full 0):
 garbage-first heap   total 48128K, used 35758K [0x0000000081e00000, 0x0000000100000000)
  region size 1024K, 18 young (18432K), 2 survivors (2048K)
 Metaspace       used 43468K, committed 43904K, reserved 1114112K
  class space    used 5732K, committed 5952K, reserved 1048576K
}
Event: 8.471 GC heap after
{Heap after GC invocations=13 (full 0):
 garbage-first heap   total 48128K, used 21289K [0x0000000081e00000, 0x0000000100000000)
  region size 1024K, 2 young (2048K), 2 survivors (2048K)
 Metaspace       used 43468K, committed 43904K, reserved 1114112K
  class space    used 5732K, committed 5952K, reserved 1048576K
}
Event: 9.335 GC heap before
{Heap before GC invocations=13 (full 0):
 garbage-first heap   total 48128K, used 36649K [0x0000000081e00000, 0x0000000100000000)
  region size 1024K, 18 young (18432K), 2 survivors (2048K)
 Metaspace       used 49016K, committed 49472K, reserved 1114112K
  class space    used 6558K, committed 6720K, reserved 1048576K
}
Event: 9.341 GC heap after
{Heap after GC invocations=14 (full 0):
 garbage-first heap   total 48128K, used 21979K [0x0000000081e00000, 0x0000000100000000)
  region size 1024K, 2 young (2048K), 2 survivors (2048K)
 Metaspace       used 49016K, committed 49472K, reserved 1114112K
  class space    used 6558K, committed 6720K, reserved 1048576K
}
Event: 9.843 GC heap before
{Heap before GC invocations=14 (full 0):
 garbage-first heap   total 48128K, used 37339K [0x0000000081e00000, 0x0000000100000000)
  region size 1024K, 18 young (18432K), 2 survivors (2048K)
 Metaspace       used 53252K, committed 53696K, reserved 1114112K
  class space    used 7293K, committed 7488K, reserved 1048576K
}
Event: 9.847 GC heap after
{Heap after GC invocations=15 (full 0):
 garbage-first heap   total 48128K, used 22582K [0x0000000081e00000, 0x0000000100000000)
  region size 1024K, 3 young (3072K), 3 survivors (3072K)
 Metaspace       used 53252K, committed 53696K, reserved 1114112K
  class space    used 7293K, committed 7488K, reserved 1048576K
}
Event: 10.298 GC heap before
{Heap before GC invocations=15 (full 0):
 garbage-first heap   total 48128K, used 37942K [0x0000000081e00000, 0x0000000100000000)
  region size 1024K, 18 young (18432K), 3 survivors (3072K)
 Metaspace       used 56584K, committed 57088K, reserved 1114112K
  class space    used 7675K, committed 7936K, reserved 1048576K
}
Event: 10.304 GC heap after
{Heap after GC invocations=16 (full 0):
 garbage-first heap   total 48128K, used 24004K [0x0000000081e00000, 0x0000000100000000)
  region size 1024K, 3 young (3072K), 3 survivors (3072K)
 Metaspace       used 56584K, committed 57088K, reserved 1114112K
  class space    used 7675K, committed 7936K, reserved 1048576K
}
Event: 10.785 GC heap before
{Heap before GC invocations=16 (full 0):
 garbage-first heap   total 48128K, used 38340K [0x0000000081e00000, 0x0000000100000000)
  region size 1024K, 17 young (17408K), 3 survivors (3072K)
 Metaspace       used 58353K, committed 58880K, reserved 1114112K
  class space    used 7921K, committed 8192K, reserved 1048576K
}
Event: 10.793 GC heap after
{Heap after GC invocations=17 (full 0):
 garbage-first heap   total 66560K, used 25505K [0x0000000081e00000, 0x0000000100000000)
  region size 1024K, 3 young (3072K), 3 survivors (3072K)
 Metaspace       used 58353K, committed 58880K, reserved 1114112K
  class space    used 7921K, committed 8192K, reserved 1048576K
}
Event: 11.340 GC heap before
{Heap before GC invocations=17 (full 0):
 garbage-first heap   total 66560K, used 39841K [0x0000000081e00000, 0x0000000100000000)
  region size 1024K, 18 young (18432K), 3 survivors (3072K)
 Metaspace       used 60011K, committed 60480K, reserved 1114112K
  class space    used 8160K, committed 8384K, reserved 1048576K
}
Event: 11.348 GC heap after
{Heap after GC invocations=18 (full 0):
 garbage-first heap   total 66560K, used 27094K [0x0000000081e00000, 0x0000000100000000)
  region size 1024K, 4 young (4096K), 4 survivors (4096K)
 Metaspace       used 60011K, committed 60480K, reserved 1114112K
  class space    used 8160K, committed 8384K, reserved 1048576K
}

Deoptimization events (20 events):
Event: 11.311 Thread 0x000001b9b4b71000 Uncommon trap: trap_request=0xffffff45 fr.pc=0x000001b9a554c8e0 relative=0x0000000000000060
Event: 11.311 Thread 0x000001b9b4b71000 Uncommon trap: reason=unstable_if action=reinterpret pc=0x000001b9a554c8e0 method=org.springframework.util.ConcurrentReferenceHashMap$Segment.clear()V @ 7 c2
Event: 11.311 Thread 0x000001b9b4b71000 DEOPT PACKING pc=0x000001b9a554c8e0 sp=0x0000000797afe950
Event: 11.311 Thread 0x000001b9b4b71000 DEOPT UNPACKING pc=0x000001b9a4f823a3 sp=0x0000000797afe8e0 mode 2
Event: 11.314 Thread 0x000001b9b4b71000 Uncommon trap: trap_request=0xffffff54 fr.pc=0x000001b9a5567a88 relative=0x0000000000000348
Event: 11.314 Thread 0x000001b9b4b71000 Uncommon trap: reason=speculate_null_assert action=make_not_entrant pc=0x000001b9a5567a88 method=org.springframework.util.ConcurrentReferenceHashMap$Segment.restructureIfNecessary(Z)V @ 41 c2
Event: 11.314 Thread 0x000001b9b4b71000 DEOPT PACKING pc=0x000001b9a5567a88 sp=0x0000000797afe650
Event: 11.314 Thread 0x000001b9b4b71000 DEOPT UNPACKING pc=0x000001b9a4f823a3 sp=0x0000000797afe618 mode 2
Event: 11.339 Thread 0x000001b9b4b71000 DEOPT PACKING pc=0x000001b99dc36fa3 sp=0x0000000797afcb00
Event: 11.339 Thread 0x000001b9b4b71000 DEOPT UNPACKING pc=0x000001b9a4f82b43 sp=0x0000000797afbf70 mode 0
Event: 11.440 Thread 0x000001b9b4b71000 Uncommon trap: trap_request=0xffffff45 fr.pc=0x000001b9a5748c14 relative=0x0000000000001234
Event: 11.440 Thread 0x000001b9b4b71000 Uncommon trap: reason=unstable_if action=reinterpret pc=0x000001b9a5748c14 method=java.lang.String.<init>([BIILjava/nio/charset/Charset;)V @ 18 c2
Event: 11.440 Thread 0x000001b9b4b71000 DEOPT PACKING pc=0x000001b9a5748c14 sp=0x0000000797afdc00
Event: 11.440 Thread 0x000001b9b4b71000 DEOPT UNPACKING pc=0x000001b9a4f823a3 sp=0x0000000797afdbc0 mode 2
Event: 11.528 Thread 0x000001b9b4b71000 DEOPT PACKING pc=0x000001b99dada846 sp=0x0000000797afe450
Event: 11.528 Thread 0x000001b9b4b71000 DEOPT UNPACKING pc=0x000001b9a4f82b43 sp=0x0000000797afd928 mode 0
Event: 17.369 Thread 0x000001b9fc18e140 DEOPT PACKING pc=0x000001b99e1d98fe sp=0x00000007980feb20
Event: 17.369 Thread 0x000001b9fc18e140 DEOPT UNPACKING pc=0x000001b9a4f82b43 sp=0x00000007980fdfe8 mode 0
Event: 48.045 Thread 0x000001b9fc18e140 DEOPT PACKING pc=0x000001b99e1d5bc5 sp=0x00000007980fed10
Event: 48.045 Thread 0x000001b9fc18e140 DEOPT UNPACKING pc=0x000001b9a4f82b43 sp=0x00000007980fe1d8 mode 0

Classes unloaded (0 events):
No events

Classes redefined (0 events):
No events

Internal exceptions (20 events):
Event: 9.741 Thread 0x000001b9b4b71000 Exception <a 'java/lang/NoSuchMethodError'{0x00000000840159a0}: 'java.lang.Object java.lang.invoke.DirectMethodHandle$Holder.invokeSpecial(java.lang.Object, java.lang.Object, java.lang.Object, java.lang.Object, java.lang.Object, java.lang.Object, java.lang.Object, java.lang.Object, java.lang.Object, java.lang.Object, java.lang.Object, java.lang.Object, java.lang.Object)'> (0x00000000840159a0) 
thrown [s\open\src\hotspot\share\interpreter\linkResolver.cpp, line 759]
Event: 9.741 Thread 0x000001b9b4b71000 Exception <a 'java/lang/NoSuchMethodError'{0x000000008401a0b8}: 'java.lang.Object java.lang.invoke.Invokers$Holder.linkToTargetMethod(java.lang.Object, java.lang.Object, java.lang.Object, java.lang.Object, java.lang.Object, java.lang.Object, java.lang.Object, java.lang.Object, java.lang.Object, java.lang.Object, java.lang.Object, java.lang.Object)'> (0x000000008401a0b8) 
thrown [s\open\src\hotspot\share\interpreter\linkResolver.cpp, line 759]
Event: 9.783 Thread 0x000001b9b4b71000 Exception <a 'java/lang/NoSuchMethodError'{0x0000000083fa3130}: 'java.lang.Object java.lang.invoke.DirectMethodHandle$Holder.newInvokeSpecial(java.lang.Object, java.lang.Object, java.lang.Object, java.lang.Object, java.lang.Object, java.lang.Object)'> (0x0000000083fa3130) 
thrown [s\open\src\hotspot\share\interpreter\linkResolver.cpp, line 759]
Event: 9.795 Thread 0x000001b9b4b71000 Exception <a 'java/lang/NoSuchMethodError'{0x0000000083e11e60}: 'java.lang.Object java.lang.invoke.DirectMethodHandle$Holder.newInvokeSpecial(java.lang.Object, java.lang.Object, java.lang.Object, java.lang.Object, java.lang.Object, java.lang.Object, java.lang.Object, int)'> (0x0000000083e11e60) 
thrown [s\open\src\hotspot\share\interpreter\linkResolver.cpp, line 759]
Event: 9.795 Thread 0x000001b9b4b71000 Exception <a 'java/lang/NoSuchMethodError'{0x0000000083e16e58}: 'java.lang.Object java.lang.invoke.DirectMethodHandle$Holder.invokeSpecial(java.lang.Object, java.lang.Object, java.lang.Object, java.lang.Object, java.lang.Object, java.lang.Object, java.lang.Object, java.lang.Object, int)'> (0x0000000083e16e58) 
thrown [s\open\src\hotspot\share\interpreter\linkResolver.cpp, line 759]
Event: 9.796 Thread 0x000001b9b4b71000 Exception <a 'java/lang/NoSuchMethodError'{0x0000000083e1b920}: 'java.lang.Object java.lang.invoke.Invokers$Holder.linkToTargetMethod(java.lang.Object, java.lang.Object, java.lang.Object, java.lang.Object, java.lang.Object, java.lang.Object, int, java.lang.Object)'> (0x0000000083e1b920) 
thrown [s\open\src\hotspot\share\interpreter\linkResolver.cpp, line 759]
Event: 9.813 Thread 0x000001b9b4b71000 Exception <a 'java/lang/NoSuchMethodError'{0x0000000083ebebd8}: 'void java.lang.invoke.DirectMethodHandle$Holder.invokeInterface(java.lang.Object, java.lang.Object)'> (0x0000000083ebebd8) 
thrown [s\open\src\hotspot\share\interpreter\linkResolver.cpp, line 759]
Event: 10.040 Thread 0x000001b9b4b71000 Exception <a 'java/lang/IncompatibleClassChangeError'{0x0000000085e9ba40}: Found class java.lang.Object, but interface was expected> (0x0000000085e9ba40) 
thrown [s\open\src\hotspot\share\interpreter\linkResolver.cpp, line 826]
Event: 10.057 Thread 0x000001b9b4b71000 Exception <a 'java/lang/IncompatibleClassChangeError'{0x000000008441b120}: Found class java.lang.Object, but interface was expected> (0x000000008441b120) 
thrown [s\open\src\hotspot\share\interpreter\linkResolver.cpp, line 826]
Event: 10.112 Thread 0x000001b9b4b71000 Exception <a 'java/lang/IncompatibleClassChangeError'{0x00000000843871b8}: Found class java.lang.Object, but interface was expected> (0x00000000843871b8) 
thrown [s\open\src\hotspot\share\interpreter\linkResolver.cpp, line 826]
Event: 10.331 Thread 0x000001b9b4b71000 Exception <a 'java/lang/IncompatibleClassChangeError'{0x0000000089ddadd8}: Found class java.lang.Object, but interface was expected> (0x0000000089ddadd8) 
thrown [s\open\src\hotspot\share\interpreter\linkResolver.cpp, line 826]
Event: 10.714 Thread 0x000001b9b4b71000 Exception <a 'sun/nio/fs/WindowsException'{0x0000000084140ce0}> (0x0000000084140ce0) 
thrown [s\open\src\hotspot\share\prims\jni.cpp, line 516]
Event: 10.812 Thread 0x000001b9b4b71000 Exception <a 'java/lang/IncompatibleClassChangeError'{0x000000008643b1e0}: Found class java.lang.Object, but interface was expected> (0x000000008643b1e0) 
thrown [s\open\src\hotspot\share\interpreter\linkResolver.cpp, line 826]
Event: 10.881 Thread 0x000001b9b4b71000 Exception <a 'java/lang/NoSuchMethodError'{0x00000000863e6228}: 'void java.lang.invoke.DirectMethodHandle$Holder.invokeVirtual(java.lang.Object, java.lang.Object, long)'> (0x00000000863e6228) 
thrown [s\open\src\hotspot\share\interpreter\linkResolver.cpp, line 759]
Event: 10.995 Thread 0x000001b9b4b71000 Exception <a 'java/lang/NoSuchMethodError'{0x0000000085f349a8}: 'int java.lang.invoke.DirectMethodHandle$Holder.invokeStaticInit(java.lang.Object, java.lang.Object, java.lang.Object, java.lang.Object)'> (0x0000000085f349a8) 
thrown [s\open\src\hotspot\share\interpreter\linkResolver.cpp, line 759]
Event: 11.077 Thread 0x000001b9b4b71000 Exception <a 'java/lang/IncompatibleClassChangeError'{0x00000000856b9600}: Found class java.lang.Object, but interface was expected> (0x00000000856b9600) 
thrown [s\open\src\hotspot\share\interpreter\linkResolver.cpp, line 826]
Event: 11.090 Thread 0x000001b9b4b71000 Implicit null exception at 0x000001b9a56162c0 to 0x000001b9a56164b4
Event: 11.316 Thread 0x000001b9b4b71000 Exception <a 'java/lang/NoSuchMethodError'{0x00000000850248c8}: 'java.lang.Object java.lang.invoke.DirectMethodHandle$Holder.newInvokeSpecial(java.lang.Object, java.lang.Object, int, java.lang.Object, java.lang.Object)'> (0x00000000850248c8) 
thrown [s\open\src\hotspot\share\interpreter\linkResolver.cpp, line 759]
Event: 73.811 Thread 0x000001b9fc18d210 Exception <a 'java/lang/NoSuchMethodError'{0x00000000861e2738}: 'java.lang.Object java.lang.invoke.DirectMethodHandle$Holder.invokeSpecial(java.lang.Object, java.lang.Object, java.lang.Object, java.lang.Object, java.lang.Object, long)'> (0x00000000861e2738) 
thrown [s\open\src\hotspot\share\interpreter\linkResolver.cpp, line 759]
Event: 73.811 Thread 0x000001b9fc18d210 Exception <a 'java/lang/NoSuchMethodError'{0x00000000861e6178}: 'java.lang.Object java.lang.invoke.Invokers$Holder.linkToTargetMethod(java.lang.Object, java.lang.Object, java.lang.Object, long, java.lang.Object)'> (0x00000000861e6178) 
thrown [s\open\src\hotspot\share\interpreter\linkResolver.cpp, line 759]

VM Operations (20 events):
Event: 21.563 Executing VM operation: Cleanup
Event: 21.563 Executing VM operation: Cleanup done
Event: 22.572 Executing VM operation: Cleanup
Event: 22.572 Executing VM operation: Cleanup done
Event: 29.634 Executing VM operation: Cleanup
Event: 29.634 Executing VM operation: Cleanup done
Event: 35.699 Executing VM operation: Cleanup
Event: 35.699 Executing VM operation: Cleanup done
Event: 60.172 Executing VM operation: HandshakeAllThreads
Event: 60.172 Executing VM operation: HandshakeAllThreads done
Event: 71.266 Executing VM operation: Cleanup
Event: 71.266 Executing VM operation: Cleanup done
Event: 73.840 Executing VM operation: HandshakeAllThreads
Event: 73.840 Executing VM operation: HandshakeAllThreads done
Event: 73.840 Executing VM operation: Cleanup
Event: 73.840 Executing VM operation: Cleanup done
Event: 73.958 Executing VM operation: HandshakeAllThreads
Event: 73.958 Executing VM operation: HandshakeAllThreads done
Event: 73.961 Executing VM operation: HandshakeAllThreads
Event: 73.961 Executing VM operation: HandshakeAllThreads done

Events (20 events):
Event: 73.816 loading class sun/nio/cs/ThreadLocalCoders done
Event: 73.816 loading class sun/nio/cs/ThreadLocalCoders$1
Event: 73.816 loading class sun/nio/cs/ThreadLocalCoders$Cache
Event: 73.816 loading class sun/nio/cs/ThreadLocalCoders$Cache done
Event: 73.816 loading class sun/nio/cs/ThreadLocalCoders$1 done
Event: 73.816 loading class sun/nio/cs/ThreadLocalCoders$2
Event: 73.817 loading class sun/nio/cs/ThreadLocalCoders$2 done
Event: 73.848 Thread 0x000001b9b466b9e0 Thread added: 0x000001b9b466b9e0
Event: 73.970 loading class java/time/format/DateTimeFormatterBuilder$ZoneTextPrinterParser
Event: 73.971 loading class java/time/format/DateTimeFormatterBuilder$ZoneTextPrinterParser done
Event: 73.971 loading class java/time/format/DateTimeFormatterBuilder$ReducedPrinterParser
Event: 73.971 loading class java/time/format/DateTimeFormatterBuilder$ReducedPrinterParser done
Event: 73.976 loading class java/util/OptionalLong
Event: 73.976 loading class java/util/OptionalLong done
Event: 73.976 loading class java/util/OptionalDouble
Event: 73.976 loading class java/util/OptionalDouble done
Event: 73.977 loading class java/util/stream/LongStream
Event: 73.978 loading class java/util/stream/LongStream done
Event: 73.978 loading class java/util/stream/DoubleStream
Event: 73.978 loading class java/util/stream/DoubleStream done


Dynamic libraries:
0x00007ff7e2960000 - 0x00007ff7e2970000 	C:\Program Files\Java\jdk-17\bin\java.exe
0x00007ffebe730000 - 0x00007ffebe928000 	C:\WINDOWS\SYSTEM32\ntdll.dll
0x00007ffebe070000 - 0x00007ffebe131000 	C:\WINDOWS\System32\KERNEL32.DLL
0x00007ffebbfa0000 - 0x00007ffebc29d000 	C:\WINDOWS\System32\KERNELBASE.dll
0x00007ffebc5b0000 - 0x00007ffebc6b0000 	C:\WINDOWS\System32\ucrtbase.dll
0x00007ffe99ef0000 - 0x00007ffe99f0b000 	C:\Program Files\Java\jdk-17\bin\VCRUNTIME140.dll
0x00007ffe99ed0000 - 0x00007ffe99ee9000 	C:\Program Files\Java\jdk-17\bin\jli.dll
0x00007ffebcb50000 - 0x00007ffebcc00000 	C:\WINDOWS\System32\ADVAPI32.dll
0x00007ffebe140000 - 0x00007ffebe1de000 	C:\WINDOWS\System32\msvcrt.dll
0x00007ffebd300000 - 0x00007ffebd3a0000 	C:\WINDOWS\System32\sechost.dll
0x00007ffebd410000 - 0x00007ffebd533000 	C:\WINDOWS\System32\RPCRT4.dll
0x00007ffebbde0000 - 0x00007ffebbe07000 	C:\WINDOWS\System32\bcrypt.dll
0x00007ffebc880000 - 0x00007ffebca1d000 	C:\WINDOWS\System32\USER32.dll
0x00007ffebc4f0000 - 0x00007ffebc512000 	C:\WINDOWS\System32\win32u.dll
0x00007ffebe6c0000 - 0x00007ffebe6eb000 	C:\WINDOWS\System32\GDI32.dll
0x00007ffebbe80000 - 0x00007ffebbf97000 	C:\WINDOWS\System32\gdi32full.dll
0x00007ffebc400000 - 0x00007ffebc49d000 	C:\WINDOWS\System32\msvcp_win.dll
0x00007ffea4d20000 - 0x00007ffea4fba000 	C:\WINDOWS\WinSxS\amd64_microsoft.windows.common-controls_6595b64144ccf1df_6.0.19041.4355_none_60b8b9eb71f62e16\COMCTL32.dll
0x00007ffeabc10000 - 0x00007ffeabc1a000 	C:\WINDOWS\SYSTEM32\VERSION.dll
0x00007ffebcd30000 - 0x00007ffebcd5f000 	C:\WINDOWS\System32\IMM32.DLL
0x00007ffeabf00000 - 0x00007ffeabf0c000 	C:\Program Files\Java\jdk-17\bin\vcruntime140_1.dll
0x00007ffe91170000 - 0x00007ffe911fe000 	C:\Program Files\Java\jdk-17\bin\msvcp140.dll
0x00007ffe6abb0000 - 0x00007ffe6b790000 	C:\Program Files\Java\jdk-17\bin\server\jvm.dll
0x00007ffebddf0000 - 0x00007ffebddf8000 	C:\WINDOWS\System32\PSAPI.DLL
0x00007ffe9d2a0000 - 0x00007ffe9d2c7000 	C:\WINDOWS\SYSTEM32\WINMM.dll
0x00007ffeac600000 - 0x00007ffeac609000 	C:\WINDOWS\SYSTEM32\WSOCK32.dll
0x00007ffebd3a0000 - 0x00007ffebd40b000 	C:\WINDOWS\System32\WS2_32.dll
0x00007ffeb9c60000 - 0x00007ffeb9c72000 	C:\WINDOWS\SYSTEM32\kernel.appcore.dll
0x00007ffe99ec0000 - 0x00007ffe99eca000 	C:\Program Files\Java\jdk-17\bin\jimage.dll
0x00007ffea6370000 - 0x00007ffea6554000 	C:\WINDOWS\SYSTEM32\DBGHELP.DLL
0x00007ffea6730000 - 0x00007ffea6764000 	C:\WINDOWS\SYSTEM32\dbgcore.DLL
0x00007ffebc520000 - 0x00007ffebc5a2000 	C:\WINDOWS\System32\bcryptPrimitives.dll
0x00007ffeb75f0000 - 0x00007ffeb75fe000 	C:\Program Files\Java\jdk-17\bin\instrument.dll
0x00007ffe99e90000 - 0x00007ffe99eb5000 	C:\Program Files\Java\jdk-17\bin\java.dll
0x00007ffe8bbb0000 - 0x00007ffe8bc87000 	C:\Program Files\Java\jdk-17\bin\jsvml.dll
0x00007ffebd5a0000 - 0x00007ffebdd0f000 	C:\WINDOWS\System32\SHELL32.dll
0x00007ffeb9e60000 - 0x00007ffeba5ff000 	C:\WINDOWS\SYSTEM32\windows.storage.dll
0x00007ffebe1e0000 - 0x00007ffebe533000 	C:\WINDOWS\System32\combase.dll
0x00007ffebb790000 - 0x00007ffebb7be000 	C:\WINDOWS\SYSTEM32\Wldp.dll
0x00007ffebcd60000 - 0x00007ffebce2d000 	C:\WINDOWS\System32\OLEAUT32.dll
0x00007ffebdfc0000 - 0x00007ffebe06d000 	C:\WINDOWS\System32\SHCORE.dll
0x00007ffebd540000 - 0x00007ffebd595000 	C:\WINDOWS\System32\shlwapi.dll
0x00007ffebbd10000 - 0x00007ffebbd34000 	C:\WINDOWS\SYSTEM32\profapi.dll
0x00007ffe93fa0000 - 0x00007ffe93fb8000 	C:\Program Files\Java\jdk-17\bin\zip.dll
0x00007ffe99e70000 - 0x00007ffe99e89000 	C:\Program Files\Java\jdk-17\bin\net.dll
0x00007ffeb3460000 - 0x00007ffeb356d000 	C:\WINDOWS\SYSTEM32\WINHTTP.dll
0x00007ffebb490000 - 0x00007ffebb4fa000 	C:\WINDOWS\system32\mswsock.dll
0x00007ffe93fc0000 - 0x00007ffe93fd6000 	C:\Program Files\Java\jdk-17\bin\nio.dll
0x00007ffeb5030000 - 0x00007ffeb504a000 	C:\Program Files\JetBrains\IntelliJ IDEA Community Edition 2023.3\bin\breakgen64.dll
0x00007ffeb4450000 - 0x00007ffeb445a000 	C:\Program Files\Java\jdk-17\bin\management.dll
0x00007ffeb2200000 - 0x00007ffeb220b000 	C:\Program Files\Java\jdk-17\bin\management_ext.dll
0x00007ffeb21e0000 - 0x00007ffeb21ee000 	C:\Program Files\Java\jdk-17\bin\sunmscapi.dll
0x00007ffebc2a0000 - 0x00007ffebc3fe000 	C:\WINDOWS\System32\CRYPT32.dll
0x00007ffebb800000 - 0x00007ffebb829000 	C:\WINDOWS\SYSTEM32\ncrypt.dll
0x00007ffebb7c0000 - 0x00007ffebb7fb000 	C:\WINDOWS\SYSTEM32\NTASN1.dll
0x00007ffebb680000 - 0x00007ffebb698000 	C:\WINDOWS\SYSTEM32\CRYPTSP.dll
0x00007ffebadb0000 - 0x00007ffebade4000 	C:\WINDOWS\system32\rsaenh.dll
0x00007ffebbcc0000 - 0x00007ffebbcee000 	C:\WINDOWS\SYSTEM32\USERENV.dll
0x00007ffebb6a0000 - 0x00007ffebb6ac000 	C:\WINDOWS\SYSTEM32\CRYPTBASE.dll
0x00007ffebb170000 - 0x00007ffebb1ab000 	C:\WINDOWS\SYSTEM32\IPHLPAPI.DLL
0x00007ffebc760000 - 0x00007ffebc768000 	C:\WINDOWS\System32\NSI.dll
0x00007ffeb36f0000 - 0x00007ffeb3707000 	C:\WINDOWS\SYSTEM32\dhcpcsvc6.DLL
0x00007ffeb37c0000 - 0x00007ffeb37dd000 	C:\WINDOWS\SYSTEM32\dhcpcsvc.DLL
0x00007ffebb1b0000 - 0x00007ffebb27a000 	C:\WINDOWS\SYSTEM32\DNSAPI.dll
0x00007ffeae090000 - 0x00007ffeae0a0000 	C:\Program Files\Java\jdk-17\bin\verify.dll
0x00007ffe72650000 - 0x00007ffe72657000 	C:\WINDOWS\system32\wshunix.dll

dbghelp: loaded successfully - version: 4.0.5 - missing functions: none
symbol engine: initialized successfully - sym options: 0x614 - pdb path: .;C:\Program Files\Java\jdk-17\bin;C:\WINDOWS\SYSTEM32;C:\WINDOWS\WinSxS\amd64_microsoft.windows.common-controls_6595b64144ccf1df_6.0.19041.4355_none_60b8b9eb71f62e16;C:\Program Files\Java\jdk-17\bin\server;C:\Program Files\JetBrains\IntelliJ IDEA Community Edition 2023.3\bin

VM Arguments:
jvm_args: -javaagent:C:\Program Files\JetBrains\IntelliJ IDEA Community Edition 2023.3\lib\idea_rt.jar=50668:C:\Program Files\JetBrains\IntelliJ IDEA Community Edition 2023.3\bin -Dfile.encoding=UTF-8 
java_command: com.festa.FestaApiApplication
java_class_path (initial): C:\Users\Oberdran\Documents\estudo\estudoapi\target\classes;C:\Users\Oberdran\.m2\repository\org\springframework\boot\spring-boot-starter-data-jpa\3.3.2\spring-boot-starter-data-jpa-3.3.2.jar;C:\Users\Oberdran\.m2\repository\org\springframework\boot\spring-boot-starter-aop\3.3.2\spring-boot-starter-aop-3.3.2.jar;C:\Users\Oberdran\.m2\repository\org\springframework\spring-aop\6.1.11\spring-aop-6.1.11.jar;C:\Users\Oberdran\.m2\repository\org\aspectj\aspectjweaver\1.9.22.1\aspectjweaver-1.9.22.1.jar;C:\Users\Oberdran\.m2\repository\org\springframework\boot\spring-boot-starter-jdbc\3.3.2\spring-boot-starter-jdbc-3.3.2.jar;C:\Users\Oberdran\.m2\repository\com\zaxxer\HikariCP\5.1.0\HikariCP-5.1.0.jar;C:\Users\Oberdran\.m2\repository\org\springframework\spring-jdbc\6.1.11\spring-jdbc-6.1.11.jar;C:\Users\Oberdran\.m2\repository\org\hibernate\orm\hibernate-core\6.5.2.Final\hibernate-core-6.5.2.Final.jar;C:\Users\Oberdran\.m2\repository\jakarta\persistence\jakarta.persistence-api\3.1.0\jakarta.persistence-api-3.1.0.jar;C:\Users\Oberdran\.m2\repository\jakarta\transaction\jakarta.transaction-api\2.0.1\jakarta.transaction-api-2.0.1.jar;C:\Users\Oberdran\.m2\repository\org\jboss\logging\jboss-logging\3.5.3.Final\jboss-logging-3.5.3.Final.jar;C:\Users\Oberdran\.m2\repository\org\hibernate\common\hibernate-commons-annotations\6.0.6.Final\hibernate-commons-annotations-6.0.6.Final.jar;C:\Users\Oberdran\.m2\repository\io\smallrye\jandex\3.1.2\jandex-3.1.2.jar;C:\Users\Oberdran\.m2\repository\com\fasterxml\classmate\1.7.0\classmate-1.7.0.jar;C:\Users\Oberdran\.m2\repository\net\bytebuddy\byte-buddy\1.14.18\byte-buddy-1.14.18.jar;C:\Users\Oberdran\.m2\repository\org\glassfish\jaxb\jaxb-runtime\4.0.5\jaxb-runtime-4.0.5.jar;C:\Users\Oberdran\.m2\repository\org\glassfish\jaxb\jaxb-core\4.0.5\jaxb-core-4.0.5.jar;C:\Users\Oberdran\.m2\repository\org\eclipse\angus\angus-activation\2.0.2\angus-activation-2.0.2.jar;C:\Users\Oberdran\.m2\repository\org\glassfish\jax
Launcher Type: SUN_STANDARD

[Global flags]
     intx CICompilerCount                          = 3                                         {product} {ergonomic}
     uint ConcGCThreads                            = 1                                         {product} {ergonomic}
     uint G1ConcRefinementThreads                  = 4                                         {product} {ergonomic}
   size_t G1HeapRegionSize                         = 1048576                                   {product} {ergonomic}
    uintx GCDrainStackTargetSize                   = 64                                        {product} {ergonomic}
   size_t InitialHeapSize                          = 134217728                                 {product} {ergonomic}
   size_t MarkStackSize                            = 4194304                                   {product} {ergonomic}
   size_t MaxHeapSize                              = 2116026368                                {product} {ergonomic}
   size_t MaxNewSize                               = 1268776960                                {product} {ergonomic}
   size_t MinHeapDeltaBytes                        = 1048576                                   {product} {ergonomic}
   size_t MinHeapSize                              = 8388608                                   {product} {ergonomic}
    uintx NonNMethodCodeHeapSize                   = 5832780                                {pd product} {ergonomic}
    uintx NonProfiledCodeHeapSize                  = 122912730                              {pd product} {ergonomic}
    uintx ProfiledCodeHeapSize                     = 122912730                              {pd product} {ergonomic}
    uintx ReservedCodeCacheSize                    = 251658240                              {pd product} {ergonomic}
     bool SegmentedCodeCache                       = true                                      {product} {ergonomic}
   size_t SoftMaxHeapSize                          = 2116026368                             {manageable} {ergonomic}
     bool UseCompressedClassPointers               = true                           {product lp64_product} {ergonomic}
     bool UseCompressedOops                        = true                           {product lp64_product} {ergonomic}
     bool UseG1GC                                  = true                                      {product} {ergonomic}
     bool UseLargePagesIndividualAllocation        = false                                  {pd product} {ergonomic}

Logging:
Log output configuration:
 #0: stdout all=warning uptime,level,tags
 #1: stderr all=off uptime,level,tags

Environment Variables:
JAVA_HOME=C:\Program Files\Java\jdk8
PATH=C:\Program Files\Common Files\Oracle\Java\javapath;C:\Windows\System32;C:\Windows;C:\Windows\System32\wbem;C:\Windows\System32\WindowsPowerShell\v1.0\;C:\Windows\System32\OpenSSH\;C:\Program Files\dotnet\;C:\Program Files\Microsoft SQL Server\130\Tools\Binn\;C:\Program Files\Microsoft SQL Server\Client SDK\ODBC\170\Tools\Binn\;C:\Program Files\nodejs\;C:\Program Files\Microsoft SQL Server\Client SDK\ODBC\130\Tools\Binn\;C:\Program Files (x86)\Microsoft SQL Server\140\Tools\Binn\;C:\Program Files\Microsoft SQL Server\140\Tools\Binn\;C:\Program Files\Microsoft SQL Server\140\DTS\Binn\;C:\Program Files (x86)\Microsoft SQL Server\150\DTS\Binn\;C:\Program Files\MongoDB\Server\4.2\bin\;C:\Maven\apache-maven-3.6.3\bin\;C:\Gradle\bin\;C:\Program Files (x86)\GnuPG\bin;C:\Program Files (x86)\Jaspersoft\iReport-5.6.0\bin\;C:\flutter\src\flutter_windows_3.10.6-stable\flutter\bin;C:\Users\Oberdran\AppData\Local\Programs\Python\Python312;C:\Program Files\Android\Android Studio\bin\;C:\Program Files\Java\jdk8\bin\;C:\Program Files\GitHub CLI\;C:\PortableGit-2.46.0-64-bit.7z\bin;C:\Users\Oberdran\AppData\Local\Programs\Python\Python312\Scripts\;C:\Users\Oberdran\AppData\Local\Programs\Python\Python312\;C:\Users\Oberdran\AppData\Local\Microsoft\WindowsApps;C:\Users\Oberdran\AppData\Roaming\npm;C:\Users\Oberdran\.dotnet\tools;c:\mtl-multisync\Rewriters\_msrgallwinner.zip\;C:\Program Files\JetBrains\IntelliJ IDEA Community Edition 2023.3\bin;;C:\Users\Oberdran\AppData\Local\Microsoft\WindowsApps;C:\Users\Oberdran\AppData\Local\Programs\Microsoft VS Code\bin;C:\Program Files\Java\jdk8\bin;C:\Users\Oberdran\AppData\Local\GitHubDesktop\bin;C:\PortableGit-2.46.0-64-bit.7z\bin;
USERNAME=Oberdran
OS=Windows_NT
PROCESSOR_IDENTIFIER=Intel64 Family 6 Model 142 Stepping 9, GenuineIntel



---------------  S Y S T E M  ---------------

OS:
 Windows 10 , 64 bit Build 19041 (10.0.19041.4717)
OS uptime: 0 days 1:41 hours

CPU: total 4 (initial active 4) (2 cores per cpu, 2 threads per core) family 6 model 142 stepping 9 microcode 0xb4, cx8, cmov, fxsr, ht, mmx, 3dnowpref, sse, sse2, sse3, ssse3, sse4.1, sse4.2, popcnt, lzcnt, tsc, tscinvbit, avx, avx2, aes, erms, clmul, bmi1, bmi2, adx, fma, vzeroupper, clflush, clflushopt

Memory: 4k page, system-wide physical 8067M (1329M free)
TotalPageFile size 8067M (AvailPageFile size 337M)
current process WorkingSet (physical memory assigned to process): 226M, peak: 253M
current process commit charge ("private bytes"): 270M, peak: 294M

vm_info: Java HotSpot(TM) 64-Bit Server VM (17.0.12+8-LTS-286) for windows-amd64 JRE (17.0.12+8-LTS-286), built on Jun  5 2024 06:46:59 by "mach5one" with MS VC++ 17.6 (VS2022)

END.
